The ``4-print_square`` module
======================

Using ``print_square``
-------------------

Importing the function from the module:
    >>> print_square = __import__('4-print_square').print_square

Printing a square of size 4:
    >>> print_square(4)
    ####
    ####
    ####
    ####

Printing a square of size 10:
    >>> print_square(10)
    ##########
    ##########
    ##########
    ##########
    ##########
    ##########
    ##########
    ##########
    ##########
    ##########

Printing a square of size 0:
    >>> print_square(0)

Printing a square of size 1:
    >>> print_square(1)
    #

Printing a square of size 3:
    >>> print_square(3)
    ###
    ###
    ###

Testing with non-integer types:

Passing a string:
    >>> print_square("not a number")
    Traceback (most recent call last):
        ...
    TypeError: size must be an integer

Passing a float:
    >>> print_square(2.5)
    Traceback (most recent call last):
        ...
    TypeError: size must be an integer

Passing None:
    >>> print_square(None)
    Traceback (most recent call last):
        ...
    TypeError: size must be an integer

Passing a list:
    >>> print_square([1])
    Traceback (most recent call last):
        ...
    TypeError: size must be an integer

Passing a tuple:
    >>> print_square((1,))
    Traceback (most recent call last):
        ...
    TypeError: size must be an integer

Passing a boolean True (note: booleans are integers in Python):
    >>> print_square(True)
    #

Passing a boolean False (note: booleans are integers in Python):
    >>> print_square(False)

Testing with negative values:

Passing a negative integer:
    >>> print_square(-1)
    Traceback (most recent call last):
        ...
    ValueError: size must be >= 0

Passing a negative float:
    >>> print_square(-2.5)
    Traceback (most recent call last):
        ...
    TypeError: size must be an integer

Testing with no arguments:
    >>> print_square()
    Traceback (most recent call last):
        ...
    TypeError: print_square() missing 1 required positional argument: 'size'

Testing with too many arguments:
    >>> print_square(1, 2)
    Traceback (most recent call last):
        ...
    TypeError: print_square() takes 1 positional argument but 2 were given
